<?xml version="1.0" encoding="UTF-8"?>
<!-- Generated by org.testng.reporters.JUnitReportReporter -->
<testsuite skipped="0" hostname="Comets-MBP.attlocal.net" name="tests.AutomationPracticalTestsTestNG" tests="3" failures="0" timestamp="12 Feb 2023 02:46:00 GMT" time="23.109" errors="0">
  <testcase name="userShouldBeAbleToAddUniqueCategoryName" time="12.529" classname="tests.AutomationPracticalTestsTestNG"/>
  <testcase name="userShouldBeUnableToAddDupicateCategoryName" time="8.594" classname="tests.AutomationPracticalTestsTestNG"/>
  <testcase name="validateMonthsDropDown" time="1.986" classname="tests.AutomationPracticalTestsTestNG"/>
</testsuite> <!-- tests.AutomationPracticalTestsTestNG -->
